<?xml version="1.0" encoding="UTF-8"?>
<testsuite xmlns:xsi="http://www.w3.org/2001/XMLSchema-instance" xsi:noNamespaceSchemaLocation="https://maven.apache.org/surefire/maven-surefire-plugin/xsd/surefire-test-report-3.0.xsd" version="3.0" name="com.apipratudo.gateway.WebhookControllerTest" time="0.076" tests="4" errors="0" skipped="0" failures="0">
  <properties>
[...]
</properties>
  <testcase name="createWebhookReturnsCreated" classname="com.apipratudo.gateway.WebhookControllerTest" time="0.036">
    <system-out><![CDATA[2026-01-08T10:46:50.971-03:00  INFO 17217 --- [           main] t.c.s.AnnotationConfigContextLoaderUtils : Could not detect default configuration classes for test class [com.apipratudo.gateway.WebhookControllerTest]: WebhookControllerTest does not declare any static, non-private, non-final, nested classes annotated with @Configuration.
2026-01-08T10:46:50.972-03:00  INFO 17217 --- [           main] .b.t.c.SpringBootTestContextBootstrapper : Found @SpringBootConfiguration com.apipratudo.gateway.ApiGatewayApplication for test class com.apipratudo.gateway.WebhookControllerTest
]]></system-out>
  </testcase>
  <testcase name="createWebhookIdempotencyConflict" classname="com.apipratudo.gateway.WebhookControllerTest" time="0.009"/>
  <testcase name="createWebhookIdempotency" classname="com.apipratudo.gateway.WebhookControllerTest" time="0.019"/>
  <testcase name="createWebhookValidationError" classname="com.apipratudo.gateway.WebhookControllerTest" time="0.005"/>
</testsuite>